<?xml version="1.0" encoding="UTF-8"?>
<testsuite name="CourseSchedule207Test" tests="2" skipped="0" failures="0" errors="0" timestamp="2023-07-13T12:25:51" hostname="DPQ72162W1" time="0.016">
  <properties/>
  <testcase name="example1()" classname="CourseSchedule207Test" time="0.016"/>
  <testcase name="example2()" classname="CourseSchedule207Test" time="0.0"/>
  <system-out><![CDATA[]]></system-out>
  <system-err><![CDATA[]]></system-err>
</testsuite>
